<?xml version="1.0" encoding="UTF-8"?>
<testng-results ignored="0" total="2" passed="2" failed="0" skipped="0">
  <reporter-output>
  </reporter-output>
  <suite started-at="2020-10-14T12:59:20 COT" name="Default suite" finished-at="2020-10-14T12:59:31 COT" duration-ms="11385">
    <groups>
    </groups>
    <test started-at="2020-10-14T12:59:20 COT" name="Default test" finished-at="2020-10-14T12:59:31 COT" duration-ms="11385">
      <class name="practica2.VerificarTitulos2">
        <test-method is-config="true" signature="iniciarNavegador()[pri:0, instance:practica2.VerificarTitulos2@15ca7889]" started-at="2020-10-14T12:59:20 COT" name="iniciarNavegador" finished-at="2020-10-14T12:59:29 COT" duration-ms="8773" status="PASS">
          <reporter-output>
          </reporter-output>
        </test-method> <!-- iniciarNavegador -->
        <test-method is-config="true" signature="verifyTitleHomePage()[pri:0, instance:practica2.VerificarTitulos2@15ca7889]" started-at="2020-10-14T12:59:29 COT" name="verifyTitleHomePage" finished-at="2020-10-14T12:59:29 COT" duration-ms="14" status="PASS">
          <reporter-output>
          </reporter-output>
        </test-method> <!-- verifyTitleHomePage -->
        <test-method signature="verifyRegisterTitle()[pri:0, instance:practica2.VerificarTitulos2@15ca7889]" started-at="2020-10-14T12:59:29 COT" name="verifyRegisterTitle" finished-at="2020-10-14T12:59:29 COT" duration-ms="564" status="PASS">
          <reporter-output>
          </reporter-output>
        </test-method> <!-- verifyRegisterTitle -->
        <test-method is-config="true" signature="goToHomepage()[pri:0, instance:practica2.VerificarTitulos2@15ca7889]" started-at="2020-10-14T12:59:29 COT" name="goToHomepage" finished-at="2020-10-14T12:59:30 COT" duration-ms="537" status="PASS">
          <reporter-output>
          </reporter-output>
        </test-method> <!-- goToHomepage -->
        <test-method is-config="true" signature="verifyTitleHomePage()[pri:0, instance:practica2.VerificarTitulos2@15ca7889]" started-at="2020-10-14T12:59:30 COT" name="verifyTitleHomePage" finished-at="2020-10-14T12:59:30 COT" duration-ms="11" status="PASS">
          <reporter-output>
          </reporter-output>
        </test-method> <!-- verifyTitleHomePage -->
        <test-method signature="verifySupportTitle()[pri:1, instance:practica2.VerificarTitulos2@15ca7889]" started-at="2020-10-14T12:59:30 COT" name="verifySupportTitle" finished-at="2020-10-14T12:59:31 COT" duration-ms="909" status="PASS">
          <reporter-output>
          </reporter-output>
        </test-method> <!-- verifySupportTitle -->
        <test-method is-config="true" signature="goToHomepage()[pri:0, instance:practica2.VerificarTitulos2@15ca7889]" started-at="2020-10-14T12:59:31 COT" name="goToHomepage" finished-at="2020-10-14T12:59:31 COT" duration-ms="512" status="PASS">
          <reporter-output>
          </reporter-output>
        </test-method> <!-- goToHomepage -->
        <test-method is-config="true" signature="cerrarNavegador()[pri:0, instance:practica2.VerificarTitulos2@15ca7889]" started-at="2020-10-14T12:59:31 COT" name="cerrarNavegador" finished-at="2020-10-14T12:59:31 COT" duration-ms="0" status="PASS">
          <reporter-output>
          </reporter-output>
        </test-method> <!-- cerrarNavegador -->
      </class> <!-- practica2.VerificarTitulos2 -->
    </test> <!-- Default test -->
  </suite> <!-- Default suite -->
</testng-results>
